d:\desktop\enginesdll\x64\debug\vc142.pdb
d:\desktop\enginesdll\x64\debug\vc142.idb
d:\desktop\enginesdll\x64\debug\wrapper.obj
d:\desktop\enginesdll\x64\debug\checkpointtimelogger.obj
d:\desktop\enginesdll\x64\debug\enginesdll.lib
d:\desktop\enginesdll\x64\debug\enginesdll.exp
d:\desktop\enginesdll\x64\debug\enginesdll.dll
d:\desktop\enginesdll\x64\debug\enginesdll.ilk
d:\desktop\enginesdll\x64\debug\enginesdll.pdb
d:\desktop\enginesmidterm\native c++ (dll)\enginesdll\x64\debug\checkpointtimelogger.obj
d:\desktop\enginesmidterm\native c++ (dll)\enginesdll\x64\debug\wrapper.obj
d:\desktop\enginesmidterm\native c++ (dll)\enginesdll\x64\debug\enginesdll.ilk
d:\desktop\enginesmidterm\native c++ (dll)\enginesdll\x64\debug\checkpointtimelogger.obj.meta
d:\desktop\enginesmidterm\native c++ (dll)\enginesdll\x64\debug\enginesdll.build.cppclean.log.meta
d:\desktop\enginesmidterm\native c++ (dll)\enginesdll\x64\debug\enginesdll.dll.meta
d:\desktop\enginesmidterm\native c++ (dll)\enginesdll\x64\debug\enginesdll.dll.recipe.meta
d:\desktop\enginesmidterm\native c++ (dll)\enginesdll\x64\debug\enginesdll.exp.meta
d:\desktop\enginesmidterm\native c++ (dll)\enginesdll\x64\debug\enginesdll.ilk.meta
d:\desktop\enginesmidterm\native c++ (dll)\enginesdll\x64\debug\enginesdll.lib.meta
d:\desktop\enginesmidterm\native c++ (dll)\enginesdll\x64\debug\enginesdll.log.meta
d:\desktop\enginesmidterm\native c++ (dll)\enginesdll\x64\debug\enginesdll.pdb.meta
d:\desktop\enginesmidterm\native c++ (dll)\enginesdll\x64\debug\enginesdll.tlog.meta
d:\desktop\enginesmidterm\native c++ (dll)\enginesdll\x64\debug\enginesdll.vcxproj.filelistabsolute.txt.meta
d:\desktop\enginesmidterm\native c++ (dll)\enginesdll\x64\debug\vc142.idb.meta
d:\desktop\enginesmidterm\native c++ (dll)\enginesdll\x64\debug\vc142.pdb.meta
d:\desktop\enginesmidterm\native c++ (dll)\enginesdll\x64\debug\wrapper.obj.meta
d:\desktop\enginesmidterm\native c++ (dll)\enginesdll\x64\debug\enginesdll.exp
d:\desktop\enginesmidterm\native c++ (dll)\enginesdll\x64\debug\vc142.idb
d:\desktop\enginesmidterm\native c++ (dll)\enginesdll\x64\debug\enginesdll.pdb
d:\desktop\enginesmidterm\native c++ (dll)\enginesdll\x64\debug\vc142.pdb
d:\desktop\enginesmidterm\native c++ (dll)\enginesdll\x64\debug\enginesdll.dll
d:\desktop\enginesmidterm\native c++ (dll)\enginesdll\x64\debug\enginesdll.tlog\cl.command.1.tlog.meta
d:\desktop\enginesmidterm\native c++ (dll)\enginesdll\x64\debug\enginesdll.tlog\cl.read.1.tlog.meta
d:\desktop\enginesmidterm\native c++ (dll)\enginesdll\x64\debug\enginesdll.tlog\cl.write.1.tlog.meta
d:\desktop\enginesmidterm\native c++ (dll)\enginesdll\x64\debug\enginesdll.tlog\enginesdll.lastbuildstate.meta
d:\desktop\enginesmidterm\native c++ (dll)\enginesdll\x64\debug\enginesdll.tlog\enginesdll.write.1u.tlog.meta
d:\desktop\enginesmidterm\native c++ (dll)\enginesdll\x64\debug\enginesdll.tlog\link.command.1.tlog.meta
d:\desktop\enginesmidterm\native c++ (dll)\enginesdll\x64\debug\enginesdll.tlog\link.read.1.tlog.meta
d:\desktop\enginesmidterm\native c++ (dll)\enginesdll\x64\debug\enginesdll.tlog\link.write.1.tlog.meta
d:\desktop\enginesmidterm\native c++ (dll)\enginesdll\x64\debug\enginesdll.tlog\cl.command.1.tlog
d:\desktop\enginesmidterm\native c++ (dll)\enginesdll\x64\debug\enginesdll.tlog\cl.read.1.tlog
d:\desktop\enginesmidterm\native c++ (dll)\enginesdll\x64\debug\enginesdll.tlog\cl.write.1.tlog
d:\desktop\enginesmidterm\native c++ (dll)\enginesdll\x64\debug\enginesdll.tlog\enginesdll.write.1u.tlog
d:\desktop\enginesmidterm\native c++ (dll)\enginesdll\x64\debug\enginesdll.tlog\link.command.1.tlog
d:\desktop\enginesmidterm\native c++ (dll)\enginesdll\x64\debug\enginesdll.tlog\link.read.1.tlog
d:\desktop\enginesmidterm\native c++ (dll)\enginesdll\x64\debug\enginesdll.tlog\link.write.1.tlog
